<?xml version="1.0" encoding="UTF-8"?>
<!-- Generated by org.testng.reporters.JUnitReportReporter -->
<testsuite hostname="Gowthamis-Macbook-Air.local" failures="0" tests="1" name="com.TestCases.LoginPage" time="18.400" errors="0" timestamp="2023-12-02T00:33:17 PST" skipped="0">
  <testcase classname="com.TestCases.LoginPage" name="TextBoxField" time="18.400"/>
  <system-out/>
</testsuite> <!-- com.TestCases.LoginPage -->
