<?xml version="1.0" encoding="UTF-8"?>
<!-- Generated by org.testng.reporters.JUnitReportReporter -->
<testsuite hostname="Gowthamis-Macbook-Air.local" failures="0" tests="1" name="com.TestCases.FormsPage" time="38.337" errors="0" timestamp="2023-12-11T15:51:27 PST" skipped="0">
  <testcase classname="com.TestCases.FormsPage" name="FormsPage" time="38.337"/>
  <system-out/>
</testsuite> <!-- com.TestCases.FormsPage -->
