<?xml version="1.0" encoding="UTF-8"?>
<!-- Generated by org.testng.reporters.JUnitReportReporter -->
<testsuite hostname="Gowthamis-Macbook-Air.local" failures="0" tests="3" name="com.TestCases.ElementsPage" time="115.259" errors="0" timestamp="2024-02-18T16:32:34 PST" skipped="0">
  <testcase classname="com.TestCases.ElementsPage" name="CheckBoxField" time="24.320"/>
  <system-out/>
  <testcase classname="com.TestCases.ElementsPage" name="ElementsPage" time="46.395"/>
  <system-out/>
  <testcase classname="com.TestCases.ElementsPage" name="TextBoxField" time="44.544"/>
  <system-out/>
</testsuite> <!-- com.TestCases.ElementsPage -->
